<?xml version="1.0" encoding="UTF-8"?>
<testsuite name="edu.jsu.mcis.TicTacToeGameTest" tests="3" skipped="0" failures="0" errors="0" timestamp="2014-09-18T04:26:48" hostname="Shannon-PC" time="0.094">
  <properties/>
  <testcase name="testMakeMarkOverExisiting" classname="edu.jsu.mcis.TicTacToeGameTest" time="0.094"/>
  <testcase name="testMakeMarkAtCenter" classname="edu.jsu.mcis.TicTacToeGameTest" time="0.0"/>
  <testcase name="testMakeMarkAtCenterAndMakeMarkAtBottomRight" classname="edu.jsu.mcis.TicTacToeGameTest" time="0.0"/>
  <system-out><![CDATA[]]></system-out>
  <system-err><![CDATA[]]></system-err>
</testsuite>
